[2020-03-24 17:36:36.8270] - INFO - Reading from /Users/Merehan/Desktop/MUXD/BTS-Development/git/project.framerfx (origin); preserving existing contents of project folder: true
[2020-03-24 17:36:36.8340] - INFO - Done reading
[2020-03-24 17:36:36.8340] - INFO - Marking changed: false
[2020-03-24 17:36:37.1880] - INFO - Proxy Config: exceptions: *.local, 169.254/16
[2020-03-24 17:36:39.0750] - INFO - Project server PID: 68879
[2020-03-24 17:36:39.5120] - INFO - GET 404 /node_modules/framer/build/framer.debug.js 180 B (3ms)
[2020-03-24 17:36:40.3780] - INFO - Installing dependencies…
[2020-03-24 17:36:40.5260] - INFO - GET 200 /node_modules/framer/build/framer.debug.js 0 B (4ms)
[2020-03-24 17:36:41.0840] - INFO - Installing dependencies - DONE. Took 706ms
[2020-03-24 17:36:41.2400] - ERROR - Tue, 24 Mar 2020 16:36:41 GMT express deprecated res.send(status): Use res.sendStatus(status) instead at Applications/Framer X.app/Contents/Resources/Server/lib/server.js:129:17
[2020-03-24 17:37:05.2870] - DEBUG - [Save session: 0] Started, operation: saveOperation
[2020-03-24 17:37:05.2870] - DEBUG - [Save session: 0] Before container.writeChanges
[2020-03-24 17:37:05.2870] - DEBUG - [Save session: 0] Before waitUsingRecursiveRunLoop
[2020-03-24 17:37:05.3010] - DEBUG - [Save session: 0] Completed container.writeChanges
[2020-03-24 17:37:05.3010] - DEBUG - [Save session: 0] Completed waitUsingRecursiveRunLoop
[2020-03-24 17:37:05.3040] - DEBUG - [Save session: 0] Completed super.save
[2020-03-24 17:37:15.8770] - INFO - Marking changed: false
[2020-03-24 17:37:15.8830] - INFO - Marking changed: false
[2020-03-24 17:46:38.5710] - INFO - Backing up to /Users/Merehan/Desktop/MUXD/BTS-Development/git/project.framerfx/.backups/2020-03-24 17.46.38.zip
[2020-03-24 18:17:33.3770] - DEBUG - [Save session: 1] Started, operation: autosaveInPlaceOperation
[2020-03-24 18:17:33.3770] - DEBUG - [Save session: 1] Before container.writeChanges
[2020-03-24 18:17:33.3770] - DEBUG - [Save session: 1] Before waitUsingRecursiveRunLoop
[2020-03-24 18:17:33.3910] - DEBUG - [Save session: 1] Completed container.writeChanges
[2020-03-24 18:17:33.3910] - DEBUG - [Save session: 1] Completed waitUsingRecursiveRunLoop
[2020-03-24 18:17:33.3960] - DEBUG - [Save session: 1] Completed super.save
[2020-03-24 18:17:33.3970] - DEBUG - [Save session: 2] Started, operation: autosaveInPlaceOperation
[2020-03-24 18:17:33.3970] - DEBUG - [Save session: 2] Before container.writeChanges
[2020-03-24 18:17:33.3970] - DEBUG - [Save session: 2] Before waitUsingRecursiveRunLoop
[2020-03-24 18:17:33.4060] - DEBUG - [Save session: 2] Completed container.writeChanges
[2020-03-24 18:17:33.4060] - DEBUG - [Save session: 2] Completed waitUsingRecursiveRunLoop
[2020-03-24 18:17:33.9470] - DEBUG - [Save session: 2] Completed super.save
[2020-03-24 18:17:34.4910] - DEBUG - [Save session: 3] Started, operation: autosaveInPlaceOperation
[2020-03-24 18:17:34.4910] - DEBUG - [Save session: 3] Before container.writeChanges
[2020-03-24 18:17:34.4910] - DEBUG - [Save session: 3] Before waitUsingRecursiveRunLoop
[2020-03-24 18:17:34.4970] - DEBUG - [Save session: 3] Completed container.writeChanges
[2020-03-24 18:17:34.4980] - DEBUG - [Save session: 3] Completed waitUsingRecursiveRunLoop
[2020-03-24 18:17:34.5040] - DEBUG - [Save session: 3] Completed super.save
[2020-03-24 18:18:04.1760] - DEBUG - [Save session: 4] Started, operation: saveOperation
[2020-03-24 18:18:04.1760] - DEBUG - [Save session: 4] Before container.writeChanges
[2020-03-24 18:18:04.1760] - DEBUG - [Save session: 4] Before waitUsingRecursiveRunLoop
[2020-03-24 18:18:04.1830] - DEBUG - [Save session: 4] Completed container.writeChanges
[2020-03-24 18:18:04.1830] - DEBUG - [Save session: 4] Completed waitUsingRecursiveRunLoop
[2020-03-24 18:18:04.1850] - INFO - Marking changed: false
[2020-03-24 18:18:04.1880] - DEBUG - [Save session: 4] Completed super.save
[2020-03-24 18:26:47.5510] - INFO - Backing up to /Users/Merehan/Desktop/MUXD/BTS-Development/git/project.framerfx/.backups/2020-03-24 18.26.47.zip
[2020-03-24 18:46:22.2110] - DEBUG - [Save session: 5] Started, operation: autosaveInPlaceOperation
[2020-03-24 18:46:22.2110] - DEBUG - [Save session: 5] Before container.writeChanges
[2020-03-24 18:46:22.2110] - DEBUG - [Save session: 5] Before waitUsingRecursiveRunLoop
[2020-03-24 18:46:22.2160] - DEBUG - [Save session: 5] Completed container.writeChanges
[2020-03-24 18:46:22.2160] - DEBUG - [Save session: 5] Completed waitUsingRecursiveRunLoop
[2020-03-24 18:46:22.2220] - DEBUG - [Save session: 5] Completed super.save
[2020-03-24 18:46:47.7470] - INFO - Backing up to /Users/Merehan/Desktop/MUXD/BTS-Development/git/project.framerfx/.backups/2020-03-24 18.46.47.zip
[2020-03-24 18:46:57.1390] - DEBUG - [Save session: 6] Started, operation: saveOperation
[2020-03-24 18:46:57.1390] - DEBUG - [Save session: 6] Before container.writeChanges
[2020-03-24 18:46:57.1390] - DEBUG - [Save session: 6] Before waitUsingRecursiveRunLoop
[2020-03-24 18:46:57.1470] - DEBUG - [Save session: 6] Completed container.writeChanges
[2020-03-24 18:46:57.1470] - DEBUG - [Save session: 6] Completed waitUsingRecursiveRunLoop
[2020-03-24 18:46:57.1490] - INFO - Marking changed: false
[2020-03-24 18:46:57.1510] - DEBUG - [Save session: 6] Completed super.save
